<?xml version="1.0" encoding="UTF-8"?>
<!-- Generated by org.testng.reporters.JUnitReportReporter -->
<testsuite hostname="ShigaLaptop" failures="0" tests="1" name="com.training.testcases.AccountTest" time="8.264" errors="0" timestamp="4 Apr 2024 13:44:32 GMT">
  <testcase classname="com.training.testcases.AccountTest" name="AccountReport14" time="8.264"/>
</testsuite> <!-- com.training.testcases.AccountTest -->
