<?xml version="1.0" encoding="UTF-8"?>
<!-- Generated by org.testng.reporters.JUnitReportReporter -->
<testsuite hostname="ShigaLaptop" failures="0" tests="1" name="com.training.testcases.LeadTest" time="7.830" errors="0" timestamp="6 Apr 2024 18:35:39 GMT">
  <testcase classname="com.training.testcases.LeadTest" name="LeadCreate24" time="7.830"/>
</testsuite> <!-- com.training.testcases.LeadTest -->
