<?xml version="1.0" encoding="UTF-8"?>
<!-- Generated by org.testng.reporters.JUnitReportReporter -->
<testsuite hostname="ShigaLaptop" failures="0" tests="1" name="com.training.testcases.AccountNewViewCreateTC11" time="6.860" errors="0" timestamp="3 Apr 2024 12:23:36 GMT">
  <testcase classname="com.training.testcases.AccountNewViewCreateTC11" name="accountcreation" time="6.860"/>
</testsuite> <!-- com.training.testcases.AccountNewViewCreateTC11 -->
