<?xml version="1.0" encoding="UTF-8"?>
<!-- Generated by org.testng.reporters.JUnitReportReporter -->
<testsuite hostname="ShigaLaptop" failures="0" tests="1" name="com.training.testcases.LoginTestTC01" time="2.183" errors="0" timestamp="4 Apr 2024 02:14:32 GMT">
  <testcase classname="com.training.testcases.LoginTestTC01" name="wrongusernamepw" time="2.183"/>
</testsuite> <!-- com.training.testcases.LoginTestTC01 -->
