<?xml version="1.0" encoding="UTF-8"?>
<!-- Generated by org.testng.reporters.JUnitReportReporter -->
<testsuite hostname="ShigaLaptop" failures="0" tests="1" name="com.training.testcases.HomeLogoutTC09" time="5.017" errors="0" timestamp="2 Apr 2024 14:02:54 GMT">
  <testcase classname="com.training.testcases.HomeLogoutTC09" name="UsermenuLogout" time="5.017"/>
</testsuite> <!-- com.training.testcases.HomeLogoutTC09 -->
