<?xml version="1.0" encoding="UTF-8"?>
<!-- Generated by org.testng.reporters.JUnitReportReporter -->
<testsuite hostname="ShigaLaptop" failures="0" tests="1" name="com.training.testcases.HomeTest" time="4.561" errors="0" timestamp="1 Apr 2024 03:38:04 GMT">
  <testcase classname="com.training.testcases.HomeTest" name="login" time="4.561"/>
</testsuite> <!-- com.training.testcases.HomeTest -->
