<?xml version="1.0" encoding="UTF-8"?>
<!-- Generated by org.testng.reporters.JUnitReportReporter -->
<testsuite hostname="ShigaLaptop" failures="0" tests="1" name="com.training.testcases.HomeTest5" time="13.900" errors="0" timestamp="4 Apr 2024 02:17:33 GMT">
  <testcase classname="com.training.testcases.HomeTest5" name="UsermenuProfile" time="13.900"/>
</testsuite> <!-- com.training.testcases.HomeTest5 -->
