<?xml version="1.0" encoding="UTF-8"?>
<!-- Generated by org.testng.reporters.JUnitReportReporter -->
<testsuite hostname="ShigaLaptop" failures="0" tests="1" name="com.training.testcases.LoginTestTC4a" time="2.294" errors="0" timestamp="2 Apr 2024 14:02:54 GMT">
  <testcase classname="com.training.testcases.LoginTestTC4a" name="login" time="2.294"/>
</testsuite> <!-- com.training.testcases.LoginTestTC4a -->
