<?xml version="1.0" encoding="UTF-8"?>
<!-- Generated by org.testng.reporters.JUnitReportReporter -->
<testsuite hostname="ShigaLaptop" failures="0" tests="1" name="com.training.testcases.AccountCreateTC10" time="8.604" errors="0" timestamp="3 Apr 2024 12:21:49 GMT">
  <testcase classname="com.training.testcases.AccountCreateTC10" name="accountcreation" time="8.604"/>
</testsuite> <!-- com.training.testcases.AccountCreateTC10 -->
