<?xml version="1.0" encoding="UTF-8"?>
<!-- Generated by org.testng.reporters.JUnitReportReporter -->
<testsuite hostname="ShigaLaptop" failures="0" tests="5" name="com.training.testcases.HomeTest" time="34.311" errors="0" timestamp="17 Apr 2024 19:45:33 GMT">
  <testcase classname="com.training.testcases.HomeTest" name="UsermenuSettings" time="7.619"/>
  <testcase classname="com.training.testcases.HomeTest" name="UsermenuProfile" time="13.065"/>
  <testcase classname="com.training.testcases.HomeTest" name="UsermenuDeveloperConsole" time="5.066"/>
  <testcase classname="com.training.testcases.HomeTest" name="listUsermenuDrpDown" time="4.010"/>
  <testcase classname="com.training.testcases.HomeTest" name="UsermenuLogout" time="4.551"/>
</testsuite> <!-- com.training.testcases.HomeTest -->
