<?xml version="1.0" encoding="UTF-8"?>
<!-- Generated by org.testng.reporters.JUnitReportReporter -->
<testsuite hostname="ShigaLaptop" failures="0" tests="5" name="com.training.testcases.LoginTest" time="18.401" errors="0" timestamp="16 Apr 2024 02:25:43 GMT">
  <testcase classname="com.training.testcases.LoginTest" name="loginForgotpassword4" time="2.003"/>
  <testcase classname="com.training.testcases.LoginTest" name="wrongusernamepw4" time="4.853"/>
  <testcase classname="com.training.testcases.LoginTest" name="login2" time="3.410"/>
  <testcase classname="com.training.testcases.LoginTest" name="invalidlogin1" time="4.076"/>
  <testcase classname="com.training.testcases.LoginTest" name="loginRememberme3" time="4.059"/>
</testsuite> <!-- com.training.testcases.LoginTest -->
