<?xml version="1.0" encoding="UTF-8"?>
<!-- Generated by org.testng.reporters.JUnitReportReporter -->
<testsuite hostname="ShigaLaptop" failures="0" tests="1" name="com.training.testcases.OpportunityTest" time="5.836" errors="0" timestamp="6 Apr 2024 15:31:25 GMT">
  <testcase classname="com.training.testcases.OpportunityTest" name="QuarterlySumLink19" time="5.836"/>
</testsuite> <!-- com.training.testcases.OpportunityTest -->
