<?xml version="1.0" encoding="UTF-8"?>
<!-- Generated by org.testng.reporters.JUnitReportReporter -->
<testsuite hostname="ShigaLaptop" failures="0" tests="1" name="com.training.testcases.HomeTestMySettingsTC07" time="7.895" errors="0" timestamp="2 Apr 2024 14:02:54 GMT">
  <testcase classname="com.training.testcases.HomeTestMySettingsTC07" name="UsermenuProfile" time="7.895"/>
</testsuite> <!-- com.training.testcases.HomeTestMySettingsTC07 -->
