<?xml version="1.0" encoding="UTF-8"?>
<!-- Generated by org.testng.reporters.JUnitReportReporter -->
<testsuite hostname="ShigaLaptop" failures="0" tests="1" name="com.training.testcases.OpportunityTest" time="9.848" errors="0" timestamp="17 Apr 2024 19:28:56 GMT">
  <testcase classname="com.training.testcases.OpportunityTest" name="newopportunity16" time="9.848"/>
</testsuite> <!-- com.training.testcases.OpportunityTest -->
