<?xml version="1.0" encoding="UTF-8"?>
<!-- Generated by org.testng.reporters.JUnitReportReporter -->
<testsuite hostname="ShigaLaptop" failures="0" tests="8" name="com.training.testcases.ContactTest" time="33.812" errors="0" timestamp="17 Apr 2024 19:39:33 GMT">
  <testcase classname="com.training.testcases.ContactTest" name="NewViewcancelButton31" time="3.853"/>
  <testcase classname="com.training.testcases.ContactTest" name="SaveAndNewViwButton32" time="5.207"/>
  <testcase classname="com.training.testcases.ContactTest" name="MycontactView28" time="2.502"/>
  <testcase classname="com.training.testcases.ContactTest" name="contactView26" time="5.059"/>
  <testcase classname="com.training.testcases.ContactTest" name="ContactCreate25" time="7.445"/>
  <testcase classname="com.training.testcases.ContactTest" name="OneContactInformation29" time="3.293"/>
  <testcase classname="com.training.testcases.ContactTest" name="CreateNewViewError30" time="3.837"/>
  <testcase classname="com.training.testcases.ContactTest" name="contactRecentlyCreated27" time="2.616"/>
</testsuite> <!-- com.training.testcases.ContactTest -->
