<?xml version="1.0" encoding="UTF-8"?>
<!-- Generated by org.testng.reporters.JUnitReportReporter -->
<testsuite hostname="ShigaLaptop" failures="0" tests="1" name="com.training.testcases.LeadTest" time="6.799" errors="0" timestamp="17 Apr 2024 22:11:24 GMT">
  <testcase classname="com.training.testcases.LeadTest" name="LeadCreate24" time="6.799"/>
</testsuite> <!-- com.training.testcases.LeadTest -->
